<?xml version="1.0" encoding="UTF-8"?>
<testng-results ignored="0" total="2" passed="2" failed="0" skipped="0">
  <reporter-output>
  </reporter-output>
  <suite started-at="2019-10-29T17:21:49 KST" name="Suite" finished-at="2019-10-29T17:21:56 KST" duration-ms="6153">
    <groups>
    </groups>
    <test started-at="2019-10-29T17:21:49 KST" name="Test" finished-at="2019-10-29T17:21:56 KST" duration-ms="6153">
      <class name="seminartest.SampleTest">
        <test-method is-config="true" signature="setUp(org.testng.ITestContext)[pri:0, instance:seminartest.SampleTest@290dbf45]" started-at="2019-10-29T17:21:49 KST" name="setUp" finished-at="2019-10-29T17:21:52 KST" duration-ms="2784" status="PASS">
          <params>
            <param index="0">
              <value>
                <![CDATA[org.testng.TestRunner@27953a83]]>
              </value>
            </param>
          </params>
          <reporter-output>
          </reporter-output>
        </test-method> <!-- setUp -->
        <test-method signature="loginseminarapp()[pri:1, instance:seminartest.SampleTest@290dbf45]" started-at="2019-10-29T17:21:52 KST" name="loginseminarapp" finished-at="2019-10-29T17:21:54 KST" duration-ms="2224" status="PASS">
          <reporter-output>
          </reporter-output>
        </test-method> <!-- loginseminarapp -->
        <test-method signature="loginfail()[pri:2, instance:seminartest.SampleTest@290dbf45]" started-at="2019-10-29T17:21:54 KST" name="loginfail" finished-at="2019-10-29T17:21:55 KST" duration-ms="496" status="PASS">
          <reporter-output>
          </reporter-output>
        </test-method> <!-- loginfail -->
        <test-method is-config="true" signature="tearDown()[pri:0, instance:seminartest.SampleTest@290dbf45]" started-at="2019-10-29T17:21:55 KST" name="tearDown" finished-at="2019-10-29T17:21:56 KST" duration-ms="617" status="PASS">
          <reporter-output>
          </reporter-output>
        </test-method> <!-- tearDown -->
      </class> <!-- seminartest.SampleTest -->
    </test> <!-- Test -->
  </suite> <!-- Suite -->
</testng-results>
